<html>
<head>
<title>TestNG:  Surefire test</title>
<link href="../testng.css" rel="stylesheet" type="text/css" />
<link href="../my-testng.css" rel="stylesheet" type="text/css" />

<style type="text/css">
.log { display: none;} 
.stack-trace { display: none;} 
</style>
<script type="text/javascript">
<!--
function flip(e) {
  current = e.style.display;
  if (current == 'block') {
    e.style.display = 'none';
    return 0;
  }
  else {
    e.style.display = 'block';
    return 1;
  }
}

function toggleBox(szDivId, elem, msg1, msg2)
{
  var res = -1;  if (document.getElementById) {
    res = flip(document.getElementById(szDivId));
  }
  else if (document.all) {
    // this is the way old msie versions work
    res = flip(document.all[szDivId]);
  }
  if(elem) {
    if(res == 0) elem.innerHTML = msg1; else elem.innerHTML = msg2;
  }

}

function toggleAllBoxes() {
  if (document.getElementsByTagName) {
    d = document.getElementsByTagName('div');
    for (i = 0; i < d.length; i++) {
      if (d[i].className == 'log') {
        flip(d[i]);
      }
    }
  }
}

// -->
</script>

</head>
<body>
<h2 align='center'>Surefire test</h2><table border='1' align="center">
<tr>
<td>Tests passed/Failed/Skipped:</td><td>12/1/1</td>
</tr><tr>
<td>Started on:</td><td>Tue Dec 26 12:28:12 IST 2023</td>
</tr>
<tr><td>Total time:</td><td>32 seconds (32428 ms)</td>
</tr><tr>
<td>Included groups:</td><td></td>
</tr><tr>
<td>Excluded groups:</td><td></td>
</tr>
</table><p/>
<small><i>(Hover the method name to see the test class name)</i></small><p/>
<table width='100%' border='1' class='invocation-failed'>
<tr><td colspan='4' align='center'><b>FAILED TESTS</b></td></tr>
<tr><td><b>Test method</b></td>
<td><b>Attribute(s)</b></td>
<td width="30%"><b>Exception</b></td>
<td width="10%"><b>Time (seconds)</b></td>
<td><b>Instance</b></td>
</tr>
<tr>
<td title='testNGDemo.TestDependsOnMethod.register()'><b>register</b><br>Test class: testNGDemo.TestDependsOnMethod</td>
<td><div><pre>java.lang.AssertionError: expected [true] but found [false]
	at testNGDemo.TestDependsOnMethod.register(TestDependsOnMethod.java:15)
	at java.base/java.util.ArrayList.forEach(ArrayList.java:1511)
... Removed 36 stack frames</pre></div><a href='#' onClick='toggleBox("stack-trace123337428", this, "Click to show all stack frames", "Click to hide stack frames")'>Click to show all stack frames</a>
<div class='stack-trace' id='stack-trace123337428'><pre>java.lang.AssertionError: expected [true] but found [false]
	at org.testng.Assert.fail(Assert.java:110)
	at org.testng.Assert.failNotEquals(Assert.java:1577)
	at org.testng.Assert.assertTrue(Assert.java:56)
	at org.testng.Assert.assertTrue(Assert.java:66)
	at testNGDemo.TestDependsOnMethod.register(TestDependsOnMethod.java:15)
	at java.base/jdk.internal.reflect.NativeMethodAccessorImpl.invoke0(Native Method)
	at java.base/jdk.internal.reflect.NativeMethodAccessorImpl.invoke(NativeMethodAccessorImpl.java:77)
	at java.base/jdk.internal.reflect.DelegatingMethodAccessorImpl.invoke(DelegatingMethodAccessorImpl.java:43)
	at java.base/java.lang.reflect.Method.invoke(Method.java:568)
	at org.testng.internal.invokers.MethodInvocationHelper.invokeMethod(MethodInvocationHelper.java:139)
	at org.testng.internal.invokers.TestInvoker.invokeMethod(TestInvoker.java:677)
	at org.testng.internal.invokers.TestInvoker.invokeTestMethod(TestInvoker.java:221)
	at org.testng.internal.invokers.MethodRunner.runInSequence(MethodRunner.java:50)
	at org.testng.internal.invokers.TestInvoker$MethodInvocationAgent.invoke(TestInvoker.java:969)
	at org.testng.internal.invokers.TestInvoker.invokeTestMethods(TestInvoker.java:194)
	at org.testng.internal.invokers.TestMethodWorker.invokeTestMethods(TestMethodWorker.java:148)
	at org.testng.internal.invokers.TestMethodWorker.run(TestMethodWorker.java:128)
	at java.base/java.util.ArrayList.forEach(ArrayList.java:1511)
	at org.testng.TestRunner.privateRun(TestRunner.java:829)
	at org.testng.TestRunner.run(TestRunner.java:602)
	at org.testng.SuiteRunner.runTest(SuiteRunner.java:437)
	at org.testng.SuiteRunner.runSequentially(SuiteRunner.java:431)
	at org.testng.SuiteRunner.privateRun(SuiteRunner.java:391)
	at org.testng.SuiteRunner.run(SuiteRunner.java:330)
	at org.testng.SuiteRunnerWorker.runSuite(SuiteRunnerWorker.java:52)
	at org.testng.SuiteRunnerWorker.run(SuiteRunnerWorker.java:95)
	at org.testng.TestNG.runSuitesSequentially(TestNG.java:1256)
	at org.testng.TestNG.runSuitesLocally(TestNG.java:1176)
	at org.testng.TestNG.runSuites(TestNG.java:1099)
	at org.testng.TestNG.run(TestNG.java:1067)
	at org.apache.maven.surefire.testng.TestNGExecutor.run(TestNGExecutor.java:135)
	at org.apache.maven.surefire.testng.TestNGDirectoryTestSuite.executeMulti(TestNGDirectoryTestSuite.java:193)
	at org.apache.maven.surefire.testng.TestNGDirectoryTestSuite.execute(TestNGDirectoryTestSuite.java:94)
	at org.apache.maven.surefire.testng.TestNGProvider.invoke(TestNGProvider.java:146)
	at org.apache.maven.surefire.booter.ForkedBooter.invokeProviderInSameClassLoader(ForkedBooter.java:384)
	at org.apache.maven.surefire.booter.ForkedBooter.runSuitesInProcess(ForkedBooter.java:345)
	at org.apache.maven.surefire.booter.ForkedBooter.execute(ForkedBooter.java:126)
	at org.apache.maven.surefire.booter.ForkedBooter.main(ForkedBooter.java:418)
</pre></div></td>
<td>0</td>
<td>testNGDemo.TestDependsOnMethod@123f1134</td></tr>
</table><p>
<table width='100%' border='1' class='invocation-passed'>
<tr><td colspan='4' align='center'><b>PASSED TESTS</b></td></tr>
<tr><td><b>Test method</b></td>
<td><b>Attribute(s)</b></td>
<td width="30%"><b>Exception</b></td>
<td width="10%"><b>Time (seconds)</b></td>
<td><b>Instance</b></td>
</tr>
<tr>
<td title='testNGDemo.TestDemo3_Priority.loginTest()'><b>loginTest</b><br>Test class: testNGDemo.TestDemo3_Priority<br>Test method: This is second test case</td>
<td></td>
<td>0</td>
<td>testNGDemo.TestDemo3_Priority@105fece7</td></tr>
<tr>
<td title='testNGDemo.TestDemo3_Priority.addToCartTest()'><b>addToCartTest</b><br>Test class: testNGDemo.TestDemo3_Priority<br>Test method: This is my fouth test case</td>
<td></td>
<td>0</td>
<td>testNGDemo.TestDemo3_Priority@105fece7</td></tr>
<tr>
<td title='testNGDemo.TestDemo1.TestCase2()'><b>TestCase2</b><br>Test class: testNGDemo.TestDemo1</td>
<td></td>
<td>0</td>
<td>testNGDemo.TestDemo1@45f45fa1</td></tr>
<tr>
<td title='testNGDemo.TestDisableFromExecution.teatCase2()'><b>teatCase2</b><br>Test class: testNGDemo.TestDisableFromExecution</td>
<td></td>
<td>0</td>
<td>testNGDemo.TestDisableFromExecution@7d68ef40</td></tr>
<tr>
<td title='testNGDemo.TestDemo2.EdgeTest()'><b>EdgeTest</b><br>Test class: testNGDemo.TestDemo2</td>
<td></td>
<td>12</td>
<td>testNGDemo.TestDemo2@1b083826</td></tr>
<tr>
<td title='testNGDemo.TestDemo2.FirefoxTest()'><b>FirefoxTest</b><br>Test class: testNGDemo.TestDemo2</td>
<td></td>
<td>10</td>
<td>testNGDemo.TestDemo2@1b083826</td></tr>
<tr>
<td title='testNGDemo.TestDisableFromExecution.testCase4()'><b>testCase4</b><br>Test class: testNGDemo.TestDisableFromExecution</td>
<td></td>
<td>0</td>
<td>testNGDemo.TestDisableFromExecution@7d68ef40</td></tr>
<tr>
<td title='testNGDemo.TestDemo3_Priority.searchProductTest()'><b>searchProductTest</b><br>Test class: testNGDemo.TestDemo3_Priority<br>Test method: This is third test case</td>
<td></td>
<td>0</td>
<td>testNGDemo.TestDemo3_Priority@105fece7</td></tr>
<tr>
<td title='testNGDemo.TestDisableFromExecution.teatCase1()'><b>teatCase1</b><br>Test class: testNGDemo.TestDisableFromExecution</td>
<td></td>
<td>0</td>
<td>testNGDemo.TestDisableFromExecution@7d68ef40</td></tr>
<tr>
<td title='testNGDemo.TestDemo2.ChromeTest()'><b>ChromeTest</b><br>Test class: testNGDemo.TestDemo2</td>
<td></td>
<td>9</td>
<td>testNGDemo.TestDemo2@1b083826</td></tr>
<tr>
<td title='testNGDemo.TestDemo1.TestCase1()'><b>TestCase1</b><br>Test class: testNGDemo.TestDemo1</td>
<td></td>
<td>0</td>
<td>testNGDemo.TestDemo1@45f45fa1</td></tr>
<tr>
<td title='testNGDemo.TestDemo3_Priority.registerTest()'><b>registerTest</b><br>Test class: testNGDemo.TestDemo3_Priority<br>Test method: This is first test case</td>
<td></td>
<td>0</td>
<td>testNGDemo.TestDemo3_Priority@105fece7</td></tr>
</table><p>
<table width='100%' border='1' class='invocation-skipped'>
<tr><td colspan='4' align='center'><b>SKIPPED TESTS</b></td></tr>
<tr><td><b>Test method</b></td>
<td><b>Attribute(s)</b></td>
<td width="30%"><b>Exception</b></td>
<td width="10%"><b>Time (seconds)</b></td>
<td><b>Instance</b></td>
</tr>
<tr>
<td title='testNGDemo.TestDependsOnMethod.login()'><b>login</b><br>Test class: testNGDemo.TestDependsOnMethod</td>
<td><div><pre>java.lang.Throwable: Method testNGDemo.TestDependsOnMethod.login() on instance testNGDemo.TestDependsOnMethod@123f1134 depends on not successfully finished methods 
[testNGDemo.TestDependsOnMethod.register() on instance testNGDemo.TestDependsOnMethod@123f1134]
	at java.base/java.util.ArrayList.forEach(ArrayList.java:1511)
... Removed 23 stack frames</pre></div><a href='#' onClick='toggleBox("stack-trace1509713998", this, "Click to show all stack frames", "Click to hide stack frames")'>Click to show all stack frames</a>
<div class='stack-trace' id='stack-trace1509713998'><pre>java.lang.Throwable: Method testNGDemo.TestDependsOnMethod.login() on instance testNGDemo.TestDependsOnMethod@123f1134 depends on not successfully finished methods 
[testNGDemo.TestDependsOnMethod.register() on instance testNGDemo.TestDependsOnMethod@123f1134]
	at org.testng.internal.invokers.TestInvoker.invokeTestMethods(TestInvoker.java:150)
	at org.testng.internal.invokers.TestMethodWorker.invokeTestMethods(TestMethodWorker.java:148)
	at org.testng.internal.invokers.TestMethodWorker.run(TestMethodWorker.java:128)
	at java.base/java.util.ArrayList.forEach(ArrayList.java:1511)
	at org.testng.TestRunner.privateRun(TestRunner.java:829)
	at org.testng.TestRunner.run(TestRunner.java:602)
	at org.testng.SuiteRunner.runTest(SuiteRunner.java:437)
	at org.testng.SuiteRunner.runSequentially(SuiteRunner.java:431)
	at org.testng.SuiteRunner.privateRun(SuiteRunner.java:391)
	at org.testng.SuiteRunner.run(SuiteRunner.java:330)
	at org.testng.SuiteRunnerWorker.runSuite(SuiteRunnerWorker.java:52)
	at org.testng.SuiteRunnerWorker.run(SuiteRunnerWorker.java:95)
	at org.testng.TestNG.runSuitesSequentially(TestNG.java:1256)
	at org.testng.TestNG.runSuitesLocally(TestNG.java:1176)
	at org.testng.TestNG.runSuites(TestNG.java:1099)
	at org.testng.TestNG.run(TestNG.java:1067)
	at org.apache.maven.surefire.testng.TestNGExecutor.run(TestNGExecutor.java:135)
	at org.apache.maven.surefire.testng.TestNGDirectoryTestSuite.executeMulti(TestNGDirectoryTestSuite.java:193)
	at org.apache.maven.surefire.testng.TestNGDirectoryTestSuite.execute(TestNGDirectoryTestSuite.java:94)
	at org.apache.maven.surefire.testng.TestNGProvider.invoke(TestNGProvider.java:146)
	at org.apache.maven.surefire.booter.ForkedBooter.invokeProviderInSameClassLoader(ForkedBooter.java:384)
	at org.apache.maven.surefire.booter.ForkedBooter.runSuitesInProcess(ForkedBooter.java:345)
	at org.apache.maven.surefire.booter.ForkedBooter.execute(ForkedBooter.java:126)
	at org.apache.maven.surefire.booter.ForkedBooter.main(ForkedBooter.java:418)
</pre></div></td>
<td>0</td>
<td>testNGDemo.TestDependsOnMethod@123f1134</td></tr>
</table><p>
</body>
</html>