<?xml version="1.0" encoding="UTF-8"?>
<!-- Generated by org.testng.reporters.JUnitXMLReporter -->
<testsuite ignored="1" hostname="LAPTOP-OLKMDF30" failures="1" tests="14" name="Surefire test" time="32.428" errors="0" timestamp="2023-12-26T12:28:44 IST">
  <testcase classname="testNGDemo.TestDemo1" name="TestCase1" time="0.013"/>
  <testcase classname="testNGDemo.TestDemo1" name="TestCase2" time="0.001"/>
  <testcase classname="testNGDemo.TestDemo2" name="ChromeTest" time="9.533"/>
  <testcase classname="testNGDemo.TestDemo2" name="FirefoxTest" time="10.128"/>
  <testcase classname="testNGDemo.TestDemo2" name="EdgeTest" time="12.488"/>
  <testcase classname="testNGDemo.TestDemo3_Priority" name="registerTest" time="0.0"/>
  <testcase classname="testNGDemo.TestDemo3_Priority" name="loginTest" time="0.0"/>
  <testcase classname="testNGDemo.TestDemo3_Priority" name="searchProductTest" time="0.0"/>
  <testcase classname="testNGDemo.TestDemo3_Priority" name="addToCartTest" time="0.0"/>
  <testcase classname="testNGDemo.TestDependsOnMethod" name="register" time="0.029">
    <failure type="java.lang.AssertionError" message="expected [true] but found [false]">
      <![CDATA[java.lang.AssertionError: expected [true] but found [false]
at testNGDemo.TestDependsOnMethod.register(TestDependsOnMethod.java:15)
at java.base/java.util.ArrayList.forEach(ArrayList.java:1511)
... Removed 36 stack frames]]>
    </failure>
  </testcase> <!-- register -->
  <testcase classname="testNGDemo.TestDependsOnMethod" name="login" time="0.0">
    <skipped/>
  </testcase> <!-- login -->
  <testcase classname="testNGDemo.TestDisableFromExecution" name="teatCase1" time="0.002"/>
  <testcase classname="testNGDemo.TestDisableFromExecution" name="teatCase2" time="0.0"/>
  <testcase classname="testNGDemo.TestDisableFromExecution" name="testCase4" time="0.0"/>
  <testcase classname="testNGDemo.TestDisableFromExecution" name="teatCase3" time="0.0">
    <ignored/>
  </testcase> <!-- teatCase3 -->
</testsuite> <!-- Surefire test -->
