-------------------------------------------------------------------------------
Test set: TestSuite
-------------------------------------------------------------------------------
Tests run: 14, Failures: 1, Errors: 0, Skipped: 1, Time elapsed: 34.781 s <<< FAILURE! - in TestSuite
register(testNGDemo.TestDependsOnMethod)  Time elapsed: 0.049 s  <<< FAILURE!
java.lang.AssertionError: expected [true] but found [false]
	at testNGDemo.TestDependsOnMethod.register(TestDependsOnMethod.java:15)

